2024-05-21 17:50:08 INFO  Base:38 - URL:https://demo.nopcommerce.com/
2024-05-21 17:50:08 INFO  Base:142 - Page title:nopCommerce demo store
2024-05-21 17:50:09 INFO  Base:53 - Home page heading is:Register
2024-05-21 17:50:09 INFO  Base:142 - Page title:nopCommerce demo store. Register
2024-05-21 17:50:09 INFO  Base:72 - FirstName:Anil kumar
2024-05-21 17:50:09 INFO  Base:74 - LastName:Uttarkabat
2024-05-21 17:50:09 INFO  Base:83 - DOB:15-April-2001
2024-05-21 17:50:09 INFO  Base:96 - Email:aniluttarakabat@gmail.com
2024-05-21 17:50:09 INFO  Base:97 - CompanyName:TCS
2024-05-21 17:50:10 INFO  Base:111 - Password:Anil1504
2024-05-21 17:50:10 INFO  Base:112 - ConfirmPassword:Anil1504
2024-05-21 17:50:10 INFO  Base:134 - Expected result:Your registration completed
2024-05-21 17:50:27 INFO  Base:38 - URL:https://demo.nopcommerce.com/
2024-05-21 17:50:27 INFO  Base:142 - Page title:nopCommerce demo store
2024-05-21 17:50:29 INFO  Base:142 - Page title:nopCommerce demo store. Login
2024-05-21 17:50:29 INFO  Base:186 - Login page heading is:Welcome, Please Sign In!
2024-05-21 17:50:29 INFO  Base:195 - Email is:aniluttarakabat@gmail.com
2024-05-21 17:50:29 INFO  Base:197 - Password is:Anil1504
2024-05-21 17:50:31 INFO  Base:227 - Welcome to our store
2024-05-21 17:50:32 INFO  Base:142 - Page title:nopCommerce demo store. Digital downloads
2024-05-21 17:50:32 INFO  Base:356 - Page heading is:Digital downloads
2024-05-21 17:51:16 INFO  Base:38 - URL:https://demo.nopcommerce.com/
2024-05-21 17:51:16 INFO  Base:142 - Page title:nopCommerce demo store
2024-05-21 17:51:18 INFO  Base:142 - Page title:nopCommerce demo store. Login
2024-05-21 17:51:18 INFO  Base:186 - Login page heading is:Welcome, Please Sign In!
2024-05-21 17:51:18 INFO  Base:195 - Email is:aniluttarakabat@gmail.com
2024-05-21 17:51:18 INFO  Base:197 - Password is:Anil1504
2024-05-21 17:51:21 INFO  Base:227 - Welcome to our store
2024-05-21 17:51:22 INFO  Base:142 - Page title:nopCommerce demo store. Digital downloads
2024-05-21 17:51:22 INFO  Base:356 - Page heading is:Digital downloads
2024-05-21 17:51:26 INFO  Base:383 - Heading of the product:If You Wait (donation)
2024-05-21 17:51:27 INFO  Base:412 - Message:The product has been added to your shopping cart
2024-05-21 17:52:31 INFO  Base:38 - URL:https://demo.nopcommerce.com/
2024-05-21 17:52:31 INFO  Base:142 - Page title:nopCommerce demo store
2024-05-21 17:52:32 INFO  Base:53 - Home page heading is:Register
2024-05-21 17:52:32 INFO  Base:142 - Page title:nopCommerce demo store. Register
2024-05-21 17:52:33 INFO  Base:72 - FirstName:Anil kumar
2024-05-21 17:52:33 INFO  Base:74 - LastName:Uttarkabat
2024-05-21 17:52:33 INFO  Base:83 - DOB:15-April-2001
2024-05-21 17:52:33 INFO  Base:96 - Email:aniluttarakabat@gmail.com
2024-05-21 17:52:33 INFO  Base:97 - CompanyName:TCS
2024-05-21 17:52:33 INFO  Base:111 - Password:Anil1504
2024-05-21 17:52:33 INFO  Base:112 - ConfirmPassword:Anil1504
2024-05-21 21:09:44 INFO  Base:38 - URL:https://demo.nopcommerce.com/
2024-05-21 21:09:44 INFO  Base:142 - Page title:nopCommerce demo store
2024-05-21 21:09:46 INFO  Base:53 - Home page heading is:Register
2024-05-21 21:09:46 INFO  Base:142 - Page title:nopCommerce demo store. Register
2024-05-21 21:09:46 INFO  Base:72 - FirstName:Anil kumar
2024-05-21 21:09:46 INFO  Base:74 - LastName:Uttarkabat
2024-05-21 21:09:46 INFO  Base:83 - DOB:15-April-2001
2024-05-21 21:09:47 INFO  Base:96 - Email:aniluttarakabat@gmail.com
2024-05-21 21:09:47 INFO  Base:97 - CompanyName:TCS
2024-05-21 21:09:47 INFO  Base:111 - Password:Anil1504
2024-05-21 21:09:47 INFO  Base:112 - ConfirmPassword:Anil1504
2024-05-21 21:09:48 INFO  Base:134 - Expected result:Your registration completed
2024-05-21 21:10:03 INFO  Base:38 - URL:https://demo.nopcommerce.com/
2024-05-21 21:10:03 INFO  Base:142 - Page title:nopCommerce demo store
2024-05-21 21:10:04 INFO  Base:142 - Page title:nopCommerce demo store. Login
2024-05-21 21:10:04 INFO  Base:186 - Login page heading is:Welcome, Please Sign In!
2024-05-21 21:10:05 INFO  Base:195 - Email is:aniluttarakabat@gmail.com
2024-05-21 21:10:05 INFO  Base:197 - Password is:Anil1504
2024-05-21 21:10:06 INFO  Base:227 - Welcome to our store
2024-05-21 21:10:06 INFO  Base:142 - Page title:nopCommerce demo store. Digital downloads
2024-05-21 21:10:06 INFO  Base:356 - Page heading is:Digital downloads
2024-05-21 21:10:10 INFO  Base:383 - Heading of the product:If You Wait (donation)
2024-05-21 21:10:11 INFO  Base:412 - Message:The product has been added to your shopping cart
2024-05-21 21:10:14 INFO  Base:38 - URL:https://demo.nopcommerce.com/
2024-05-21 21:10:14 INFO  Base:142 - Page title:nopCommerce demo store
2024-05-21 21:10:15 INFO  Base:142 - Page title:nopCommerce demo store. Login
2024-05-21 21:10:15 INFO  Base:186 - Login page heading is:Welcome, Please Sign In!
2024-05-21 21:10:15 INFO  Base:195 - Email is:aniluttarakabat@gmail.com
2024-05-21 21:10:15 INFO  Base:197 - Password is:Anil1504
2024-05-21 21:10:16 INFO  Base:227 - Welcome to our store
2024-05-21 21:10:17 INFO  Base:142 - Page title:nopCommerce demo store. Digital downloads
2024-05-21 21:10:17 INFO  Base:356 - Page heading is:Digital downloads
2024-05-21 21:10:24 INFO  Base:38 - URL:https://demo.nopcommerce.com/
2024-05-21 21:10:24 INFO  Base:142 - Page title:nopCommerce demo store
2024-05-21 21:10:25 INFO  Base:142 - Page title:nopCommerce demo store. Login
2024-05-21 21:10:25 INFO  Base:186 - Login page heading is:Welcome, Please Sign In!
2024-05-21 21:10:25 INFO  Base:195 - Email is:aniluttarakabat@gmail.com
2024-05-21 21:10:25 INFO  Base:197 - Password is:Anil1504
2024-05-21 21:10:26 INFO  Base:227 - Welcome to our store
2024-05-21 21:10:27 INFO  Base:142 - Page title:nopCommerce demo store. Digital downloads
2024-05-21 21:10:27 INFO  Base:356 - Page heading is:Digital downloads
2024-05-21 21:13:35 INFO  Base:38 - URL:https://demo.nopcommerce.com/
2024-05-21 21:13:35 INFO  Base:142 - Page title:nopCommerce demo store
2024-05-21 21:13:37 INFO  Base:142 - Page title:nopCommerce demo store. Login
2024-05-21 21:13:37 INFO  Base:186 - Login page heading is:Welcome, Please Sign In!
2024-05-21 21:13:37 INFO  Base:195 - Email is:aniluttarakabat@gmail.com
2024-05-21 21:13:37 INFO  Base:197 - Password is:Anil1504
2024-05-21 21:13:38 INFO  Base:227 - Welcome to our store
2024-05-21 21:13:39 INFO  Base:142 - Page title:nopCommerce demo store. Digital downloads
2024-05-21 21:13:39 INFO  Base:356 - Page heading is:Digital downloads
2024-05-21 21:13:45 INFO  Base:38 - URL:https://demo.nopcommerce.com/
2024-05-21 21:13:45 INFO  Base:142 - Page title:nopCommerce demo store
2024-05-21 21:13:47 INFO  Base:142 - Page title:nopCommerce demo store. Login
2024-05-21 21:13:47 INFO  Base:186 - Login page heading is:Welcome, Please Sign In!
2024-05-21 21:13:47 INFO  Base:195 - Email is:aniluttarakabat@gmail.com
2024-05-21 21:13:47 INFO  Base:197 - Password is:Anil1504
2024-05-21 21:13:48 INFO  Base:227 - Welcome to our store
2024-05-21 21:13:48 INFO  Base:142 - Page title:nopCommerce demo store. Digital downloads
2024-05-21 21:13:48 INFO  Base:356 - Page heading is:Digital downloads
2024-05-21 21:13:52 INFO  Base:383 - Heading of the product:Night Visions
2024-05-21 21:14:25 INFO  Base:38 - URL:https://demo.nopcommerce.com/
2024-05-21 21:14:25 INFO  Base:142 - Page title:nopCommerce demo store
2024-05-21 21:14:26 INFO  Base:142 - Page title:nopCommerce demo store. Login
2024-05-21 21:14:26 INFO  Base:186 - Login page heading is:Welcome, Please Sign In!
2024-05-21 21:14:26 INFO  Base:195 - Email is:aniluttarakabat@gmail.com
2024-05-21 21:14:26 INFO  Base:197 - Password is:Anil1504
2024-05-21 21:14:27 INFO  Base:227 - Welcome to our store
2024-05-21 21:14:28 INFO  Base:142 - Page title:nopCommerce demo store. Digital downloads
2024-05-21 21:14:28 INFO  Base:356 - Page heading is:Digital downloads
2024-05-21 21:37:40 INFO  Base:38 - URL:https://demo.nopcommerce.com/
2024-05-21 21:37:40 INFO  Base:142 - Page title:nopCommerce demo store
2024-05-21 21:37:41 INFO  Base:142 - Page title:nopCommerce demo store. Login
2024-05-21 21:37:41 INFO  Base:186 - Login page heading is:Welcome, Please Sign In!
2024-05-21 21:37:41 INFO  Base:195 - Email is:aniluttarakabat@gmail.com
2024-05-21 21:37:41 INFO  Base:197 - Password is:Anil1504
2024-05-21 21:37:42 INFO  Base:227 - Welcome to our store
2024-05-21 21:37:43 INFO  Base:142 - Page title:nopCommerce demo store. Digital downloads
2024-05-21 21:37:43 INFO  Base:356 - Page heading is:Digital downloads
2024-05-21 21:37:47 INFO  Base:383 - Heading of the product:If You Wait (donation)
2024-05-21 21:37:48 INFO  Base:412 - Message:The product has been added to your shopping cart
2024-05-21 21:37:51 INFO  Base:38 - URL:https://demo.nopcommerce.com/
2024-05-21 21:37:51 INFO  Base:142 - Page title:nopCommerce demo store
2024-05-21 21:37:52 INFO  Base:142 - Page title:nopCommerce demo store. Login
2024-05-21 21:37:52 INFO  Base:186 - Login page heading is:Welcome, Please Sign In!
2024-05-21 21:37:52 INFO  Base:195 - Email is:aniluttarakabat@gmail.com
2024-05-21 21:37:52 INFO  Base:197 - Password is:Anil1504
2024-05-21 21:37:53 INFO  Base:227 - Welcome to our store
2024-05-21 21:37:54 INFO  Base:142 - Page title:nopCommerce demo store. Digital downloads
2024-05-21 21:37:54 INFO  Base:356 - Page heading is:Digital downloads
2024-05-21 21:37:59 INFO  Base:383 - Heading of the product:Night Visions
2024-05-21 21:38:16 INFO  Base:38 - URL:https://demo.nopcommerce.com/
2024-05-21 21:38:16 INFO  Base:142 - Page title:nopCommerce demo store
2024-05-21 21:38:18 INFO  Base:142 - Page title:nopCommerce demo store. Login
2024-05-21 21:38:18 INFO  Base:186 - Login page heading is:Welcome, Please Sign In!
2024-05-21 21:38:18 INFO  Base:195 - Email is:aniluttarakabat@gmail.com
2024-05-21 21:38:18 INFO  Base:197 - Password is:Anil1504
2024-05-21 21:38:19 INFO  Base:227 - Welcome to our store
2024-05-21 21:38:19 INFO  Base:142 - Page title:nopCommerce demo store. Digital downloads
2024-05-21 21:38:19 INFO  Base:356 - Page heading is:Digital downloads
2024-05-21 21:38:25 INFO  Base:383 - Heading of the product:Science & Faith
2024-05-21 21:41:26 INFO  Base:38 - URL:https://demo.nopcommerce.com/
2024-05-21 21:41:26 INFO  Base:142 - Page title:nopCommerce demo store
2024-05-21 21:41:28 INFO  Base:142 - Page title:nopCommerce demo store. Login
2024-05-21 21:41:28 INFO  Base:186 - Login page heading is:Welcome, Please Sign In!
2024-05-21 21:41:28 INFO  Base:195 - Email is:aniluttarakabat@gmail.com
2024-05-21 21:41:28 INFO  Base:197 - Password is:Anil1504
2024-05-21 21:41:29 INFO  Base:227 - Welcome to our store
2024-05-21 21:41:29 INFO  Base:142 - Page title:nopCommerce demo store. Digital downloads
2024-05-21 21:41:29 INFO  Base:356 - Page heading is:Digital downloads
2024-05-21 21:41:33 INFO  Base:383 - Heading of the product:If You Wait (donation)
2024-05-21 21:41:34 INFO  Base:412 - Message:The product has been added to your shopping cart
2024-05-21 21:42:18 INFO  Base:38 - URL:https://demo.nopcommerce.com/
2024-05-21 21:42:18 INFO  Base:142 - Page title:nopCommerce demo store
2024-05-21 21:42:19 INFO  Base:142 - Page title:nopCommerce demo store. Login
2024-05-21 21:42:19 INFO  Base:186 - Login page heading is:Welcome, Please Sign In!
2024-05-21 21:42:19 INFO  Base:195 - Email is:aniluttarakabat@gmail.com
2024-05-21 21:42:19 INFO  Base:197 - Password is:Anil1504
2024-05-21 21:42:20 INFO  Base:227 - Welcome to our store
2024-05-21 21:42:21 INFO  Base:142 - Page title:nopCommerce demo store. Digital downloads
2024-05-21 21:42:21 INFO  Base:356 - Page heading is:Digital downloads
2024-05-21 21:42:24 INFO  Base:383 - Heading of the product:Night Visions
2024-05-21 21:50:32 INFO  Base:38 - URL:https://demo.nopcommerce.com/
2024-05-21 21:50:32 INFO  Base:142 - Page title:nopCommerce demo store
2024-05-21 21:50:33 INFO  Base:142 - Page title:nopCommerce demo store. Login
2024-05-21 21:50:33 INFO  Base:186 - Login page heading is:Welcome, Please Sign In!
2024-05-21 21:50:33 INFO  Base:195 - Email is:aniluttarakabat@gmail.com
2024-05-21 21:50:33 INFO  Base:197 - Password is:Anil1504
2024-05-21 21:50:34 INFO  Base:227 - Welcome to our store
2024-05-21 21:50:35 INFO  Base:142 - Page title:nopCommerce demo store. Digital downloads
2024-05-21 21:50:35 INFO  Base:356 - Page heading is:Digital downloads
2024-05-21 21:50:39 INFO  Base:383 - Heading of the product:Night Visions
2024-05-21 21:52:30 INFO  Base:38 - URL:https://demo.nopcommerce.com/
2024-05-21 21:52:30 INFO  Base:142 - Page title:nopCommerce demo store
2024-05-21 21:52:32 INFO  Base:142 - Page title:nopCommerce demo store. Login
2024-05-21 21:52:32 INFO  Base:186 - Login page heading is:Welcome, Please Sign In!
2024-05-21 21:52:32 INFO  Base:195 - Email is:aniluttarakabat@gmail.com
2024-05-21 21:52:32 INFO  Base:197 - Password is:Anil1504
2024-05-21 21:52:33 INFO  Base:227 - Welcome to our store
2024-05-21 21:52:34 INFO  Base:142 - Page title:nopCommerce demo store. Digital downloads
2024-05-21 21:52:34 INFO  Base:356 - Page heading is:Digital downloads
2024-05-21 21:52:38 INFO  Base:383 - Heading of the product:Science & Faith
2024-05-21 21:55:23 INFO  Base:38 - URL:https://demo.nopcommerce.com/
2024-05-21 21:55:23 INFO  Base:142 - Page title:nopCommerce demo store
2024-05-21 21:55:23 INFO  Base:142 - Page title:nopCommerce demo store. Login
2024-05-21 21:55:23 INFO  Base:186 - Login page heading is:Welcome, Please Sign In!
2024-05-21 21:55:23 INFO  Base:195 - Email is:aniluttarakabat@gmail.com
2024-05-21 21:55:23 INFO  Base:197 - Password is:Anil1504
2024-05-21 21:55:24 INFO  Base:227 - Welcome to our store
2024-05-21 21:55:25 INFO  Base:142 - Page title:nopCommerce demo store. Digital downloads
2024-05-21 21:55:25 INFO  Base:356 - Page heading is:Digital downloads
2024-05-21 21:55:29 INFO  Base:383 - Heading of the product:Science & Faith
2024-05-21 21:57:14 INFO  Base:38 - URL:https://demo.nopcommerce.com/
2024-05-21 21:57:14 INFO  Base:142 - Page title:nopCommerce demo store
2024-05-21 21:57:14 INFO  Base:142 - Page title:nopCommerce demo store. Login
2024-05-21 21:57:15 INFO  Base:186 - Login page heading is:Welcome, Please Sign In!
2024-05-21 21:57:15 INFO  Base:195 - Email is:aniluttarakabat@gmail.com
2024-05-21 21:57:15 INFO  Base:197 - Password is:Anil1504
2024-05-21 21:57:16 INFO  Base:227 - Welcome to our store
2024-05-21 21:57:16 INFO  Base:142 - Page title:nopCommerce demo store. Digital downloads
2024-05-21 21:57:16 INFO  Base:356 - Page heading is:Digital downloads
2024-05-21 21:57:20 INFO  Base:383 - Heading of the product:Science & Faith
2024-05-21 21:58:15 INFO  Base:38 - URL:https://demo.nopcommerce.com/
2024-05-21 21:58:15 INFO  Base:142 - Page title:nopCommerce demo store
2024-05-21 21:58:16 INFO  Base:142 - Page title:nopCommerce demo store. Login
2024-05-21 21:58:16 INFO  Base:186 - Login page heading is:Welcome, Please Sign In!
2024-05-21 21:58:17 INFO  Base:195 - Email is:aniluttarakabat@gmail.com
2024-05-21 21:58:17 INFO  Base:197 - Password is:Anil1504
2024-05-21 21:58:18 INFO  Base:227 - Welcome to our store
2024-05-21 21:58:18 INFO  Base:142 - Page title:nopCommerce demo store. Digital downloads
2024-05-21 21:58:18 INFO  Base:356 - Page heading is:Digital downloads
2024-05-21 21:58:22 INFO  Base:383 - Heading of the product:Science & Faith
2024-05-21 21:58:23 INFO  Base:412 - Message:The product has been added to your shopping cart
2024-05-21 21:58:48 INFO  Base:38 - URL:https://demo.nopcommerce.com/
2024-05-21 21:58:48 INFO  Base:142 - Page title:nopCommerce demo store
2024-05-21 21:58:49 INFO  Base:142 - Page title:nopCommerce demo store. Login
2024-05-21 21:58:49 INFO  Base:186 - Login page heading is:Welcome, Please Sign In!
2024-05-21 21:58:50 INFO  Base:195 - Email is:aniluttarakabat@gmail.com
2024-05-21 21:58:50 INFO  Base:197 - Password is:Anil1504
2024-05-21 21:58:51 INFO  Base:227 - Welcome to our store
2024-05-21 21:58:51 INFO  Base:142 - Page title:nopCommerce demo store. Digital downloads
2024-05-21 21:58:51 INFO  Base:356 - Page heading is:Digital downloads
2024-05-21 21:58:55 INFO  Base:383 - Heading of the product:Science & Faith
2024-05-21 21:58:56 INFO  Base:412 - Message:The product has been added to your shopping cart
2024-05-21 21:59:17 INFO  Base:38 - URL:https://demo.nopcommerce.com/
2024-05-21 21:59:17 INFO  Base:142 - Page title:nopCommerce demo store
2024-05-21 21:59:18 INFO  Base:142 - Page title:nopCommerce demo store. Login
2024-05-21 21:59:18 INFO  Base:186 - Login page heading is:Welcome, Please Sign In!
2024-05-21 21:59:18 INFO  Base:195 - Email is:aniluttarakabat@gmail.com
2024-05-21 21:59:18 INFO  Base:197 - Password is:Anil1504
2024-05-21 21:59:19 INFO  Base:227 - Welcome to our store
2024-05-21 21:59:20 INFO  Base:142 - Page title:nopCommerce demo store. Digital downloads
2024-05-21 21:59:20 INFO  Base:356 - Page heading is:Digital downloads
2024-05-21 21:59:24 INFO  Base:383 - Heading of the product:Science & Faith
2024-05-21 21:59:24 INFO  Base:412 - Message:The product has been added to your shopping cart
2024-05-21 22:00:04 INFO  Base:38 - URL:https://demo.nopcommerce.com/
2024-05-21 22:00:04 INFO  Base:142 - Page title:nopCommerce demo store
2024-05-21 22:00:05 INFO  Base:142 - Page title:nopCommerce demo store. Login
2024-05-21 22:00:05 INFO  Base:186 - Login page heading is:Welcome, Please Sign In!
2024-05-21 22:00:05 INFO  Base:195 - Email is:aniluttarakabat@gmail.com
2024-05-21 22:00:05 INFO  Base:197 - Password is:Anil1504
2024-05-21 22:00:06 INFO  Base:227 - Welcome to our store
2024-05-21 22:00:07 INFO  Base:142 - Page title:nopCommerce demo store. Digital downloads
2024-05-21 22:00:07 INFO  Base:356 - Page heading is:Digital downloads
2024-05-21 22:00:11 INFO  Base:383 - Heading of the product:Science & Faith
2024-05-21 22:00:12 INFO  Base:417 - Message:The price must be from $0.50 to $1,000.00
2024-05-21 23:02:38 INFO  Base:38 - URL:https://demo.nopcommerce.com/
2024-05-21 23:02:38 INFO  Base:142 - Page title:nopCommerce demo store
2024-05-21 23:02:38 INFO  Base:142 - Page title:nopCommerce demo store. Login
2024-05-21 23:02:38 INFO  Base:186 - Login page heading is:Welcome, Please Sign In!
2024-05-21 23:02:38 INFO  Base:195 - Email is:aniluttarakabat@gmail.com
2024-05-21 23:02:38 INFO  Base:197 - Password is:Anil1504
2024-05-21 23:02:41 INFO  Base:38 - URL:https://demo.nopcommerce.com/
2024-05-21 23:02:41 INFO  Base:142 - Page title:nopCommerce demo store
2024-05-21 23:02:41 INFO  Base:142 - Page title:nopCommerce demo store. Login
2024-05-21 23:02:41 INFO  Base:186 - Login page heading is:Welcome, Please Sign In!
2024-05-21 23:02:41 INFO  Base:195 - Email is:aniluttarakabat@gmail.com
2024-05-21 23:02:42 INFO  Base:197 - Password is:Anil1504
2024-05-21 23:03:03 INFO  Base:38 - URL:https://demo.nopcommerce.com/
2024-05-21 23:03:03 INFO  Base:142 - Page title:nopCommerce demo store
2024-05-21 23:03:04 INFO  Base:53 - Home page heading is:Register
2024-05-21 23:03:04 INFO  Base:142 - Page title:nopCommerce demo store. Register
2024-05-21 23:03:05 INFO  Base:72 - FirstName:Anil kumar
2024-05-21 23:03:05 INFO  Base:74 - LastName:Uttarkabat
2024-05-21 23:03:05 INFO  Base:83 - DOB:15-April-2001
2024-05-21 23:03:05 INFO  Base:96 - Email:aniluttarakabat@gmail.com
2024-05-21 23:03:05 INFO  Base:97 - CompanyName:TCS
2024-05-21 23:03:05 INFO  Base:111 - Password:Anil1504
2024-05-21 23:03:05 INFO  Base:112 - ConfirmPassword:Anil1504
2024-05-21 23:03:07 INFO  Base:134 - Expected result:Your registration completed
2024-05-21 23:03:18 INFO  Base:38 - URL:https://demo.nopcommerce.com/
2024-05-21 23:03:18 INFO  Base:142 - Page title:nopCommerce demo store
2024-05-21 23:03:19 INFO  Base:142 - Page title:nopCommerce demo store. Login
2024-05-21 23:03:19 INFO  Base:186 - Login page heading is:Welcome, Please Sign In!
2024-05-21 23:03:19 INFO  Base:195 - Email is:aniluttarakabat@gmail.com
2024-05-21 23:03:19 INFO  Base:197 - Password is:Anil1504
2024-05-21 23:03:20 INFO  Base:227 - Welcome to our store
2024-05-21 23:03:21 INFO  Base:142 - Page title:nopCommerce demo store. Digital downloads
2024-05-21 23:03:21 INFO  Base:356 - Page heading is:Digital downloads
2024-05-21 23:03:25 INFO  Base:383 - Heading of the product:If You Wait (donation)
2024-05-21 23:03:26 INFO  Base:412 - Message:The product has been added to your shopping cart
2024-05-21 23:03:29 INFO  Base:38 - URL:https://demo.nopcommerce.com/
2024-05-21 23:03:29 INFO  Base:142 - Page title:nopCommerce demo store
2024-05-21 23:03:30 INFO  Base:142 - Page title:nopCommerce demo store. Login
2024-05-21 23:03:30 INFO  Base:186 - Login page heading is:Welcome, Please Sign In!
2024-05-21 23:03:30 INFO  Base:195 - Email is:aniluttarakabat@gmail.com
2024-05-21 23:03:30 INFO  Base:197 - Password is:Anil1504
2024-05-21 23:03:31 INFO  Base:227 - Welcome to our store
2024-05-21 23:03:32 INFO  Base:142 - Page title:nopCommerce demo store. Digital downloads
2024-05-21 23:03:32 INFO  Base:356 - Page heading is:Digital downloads
2024-05-21 23:03:37 INFO  Base:383 - Heading of the product:Science & Faith
2024-05-21 23:03:38 INFO  Base:412 - Message:The product has been added to your shopping cart
2024-05-21 23:06:28 INFO  Base:38 - URL:https://demo.nopcommerce.com/
2024-05-21 23:06:28 INFO  Base:142 - Page title:nopCommerce demo store
2024-05-21 23:06:29 INFO  Base:142 - Page title:nopCommerce demo store. Login
2024-05-21 23:06:29 INFO  Base:186 - Login page heading is:Welcome, Please Sign In!
2024-05-21 23:06:29 INFO  Base:195 - Email is:aniluttarakabat@gmail.com
2024-05-21 23:06:29 INFO  Base:197 - Password is:Anil1504
2024-05-21 23:06:30 INFO  Base:227 - Welcome to our store
2024-05-21 23:06:31 INFO  Base:142 - Page title:nopCommerce demo store. Digital downloads
2024-05-21 23:06:31 INFO  Base:356 - Page heading is:Digital downloads
2024-05-21 23:06:35 INFO  Base:383 - Heading of the product:Night Visions
2024-05-21 23:13:20 INFO  Base:38 - URL:https://demo.nopcommerce.com/
2024-05-21 23:13:20 INFO  Base:142 - Page title:nopCommerce demo store
2024-05-21 23:13:22 INFO  Base:142 - Page title:nopCommerce demo store. Login
2024-05-21 23:13:22 INFO  Base:186 - Login page heading is:Welcome, Please Sign In!
2024-05-21 23:13:22 INFO  Base:195 - Email is:aniluttarakabat@gmail.com
2024-05-21 23:13:22 INFO  Base:197 - Password is:Anil1504
2024-05-21 23:13:37 INFO  Base:38 - URL:https://demo.nopcommerce.com/
2024-05-21 23:13:37 INFO  Base:142 - Page title:nopCommerce demo store
2024-05-21 23:13:37 INFO  Base:142 - Page title:nopCommerce demo store. Login
2024-05-21 23:13:37 INFO  Base:186 - Login page heading is:Welcome, Please Sign In!
2024-05-21 23:13:38 INFO  Base:195 - Email is:aniluttarakabat@gmail.com
2024-05-21 23:13:38 INFO  Base:197 - Password is:Anil1504
2024-05-21 23:14:11 INFO  Base:38 - URL:https://demo.nopcommerce.com/
2024-05-21 23:14:11 INFO  Base:142 - Page title:nopCommerce demo store
2024-05-21 23:14:11 INFO  Base:53 - Home page heading is:Register
2024-05-21 23:14:11 INFO  Base:142 - Page title:nopCommerce demo store. Register
2024-05-21 23:14:12 INFO  Base:72 - FirstName:Anil kumar
2024-05-21 23:14:12 INFO  Base:74 - LastName:Uttarkabat
2024-05-21 23:14:12 INFO  Base:83 - DOB:15-April-2001
2024-05-21 23:14:12 INFO  Base:96 - Email:aniluttarakabat@gmail.com
2024-05-21 23:14:12 INFO  Base:97 - CompanyName:TCS
2024-05-21 23:14:12 INFO  Base:111 - Password:Anil1504
2024-05-21 23:14:12 INFO  Base:112 - ConfirmPassword:Anil1504
2024-05-21 23:14:14 INFO  Base:134 - Expected result:Your registration completed
2024-05-21 23:14:26 INFO  Base:38 - URL:https://demo.nopcommerce.com/
2024-05-21 23:14:26 INFO  Base:142 - Page title:nopCommerce demo store
2024-05-21 23:14:28 INFO  Base:142 - Page title:nopCommerce demo store. Login
2024-05-21 23:14:28 INFO  Base:186 - Login page heading is:Welcome, Please Sign In!
2024-05-21 23:14:28 INFO  Base:195 - Email is:aniluttarakabat@gmail.com
2024-05-21 23:14:28 INFO  Base:197 - Password is:Anil1504
2024-05-21 23:14:30 INFO  Base:227 - Welcome to our store
2024-05-21 23:14:31 INFO  Base:142 - Page title:nopCommerce demo store. Digital downloads
2024-05-21 23:14:31 INFO  Base:356 - Page heading is:Digital downloads
2024-05-21 23:14:35 INFO  Base:383 - Heading of the product:Night Visions
2024-05-21 23:25:29 INFO  Base:38 - URL:https://demo.nopcommerce.com/
2024-05-21 23:25:29 INFO  Base:142 - Page title:nopCommerce demo store
2024-05-21 23:25:30 INFO  Base:142 - Page title:nopCommerce demo store. Login
2024-05-21 23:25:30 INFO  Base:186 - Login page heading is:Welcome, Please Sign In!
2024-05-21 23:25:30 INFO  Base:195 - Email is:aniluttarakabat@gmail.com
2024-05-21 23:25:30 INFO  Base:197 - Password is:Anil1504
2024-05-21 23:25:32 INFO  Base:227 - Welcome to our store
2024-05-21 23:25:33 INFO  Base:142 - Page title:nopCommerce demo store. Digital downloads
2024-05-21 23:25:33 INFO  Base:356 - Page heading is:Digital downloads
2024-05-21 23:25:37 INFO  Base:383 - Heading of the product:Night Visions
2024-05-21 23:25:37 INFO  Base:416 - Message:The product has been added to your shopping cart
2024-05-21 23:26:24 INFO  Base:38 - URL:https://demo.nopcommerce.com/
2024-05-21 23:26:24 INFO  Base:142 - Page title:nopCommerce demo store
2024-05-21 23:26:25 INFO  Base:142 - Page title:nopCommerce demo store. Login
2024-05-21 23:26:25 INFO  Base:186 - Login page heading is:Welcome, Please Sign In!
2024-05-21 23:26:25 INFO  Base:195 - Email is:aniluttarakabat@gmail.com
2024-05-21 23:26:25 INFO  Base:197 - Password is:Anil1504
2024-05-21 23:26:27 INFO  Base:227 - Welcome to our store
2024-05-21 23:26:27 INFO  Base:142 - Page title:nopCommerce demo store. Digital downloads
2024-05-21 23:26:27 INFO  Base:356 - Page heading is:Digital downloads
2024-05-21 23:26:31 INFO  Base:383 - Heading of the product:Night Visions
2024-05-21 23:26:32 INFO  Base:416 - Message:The product has been added to your shopping cart
2024-05-21 23:27:25 INFO  Base:38 - URL:https://demo.nopcommerce.com/
2024-05-21 23:27:25 INFO  Base:142 - Page title:nopCommerce demo store
2024-05-21 23:27:27 INFO  Base:142 - Page title:nopCommerce demo store. Login
2024-05-21 23:27:27 INFO  Base:186 - Login page heading is:Welcome, Please Sign In!
2024-05-21 23:27:27 INFO  Base:195 - Email is:aniluttarakabat@gmail.com
2024-05-21 23:27:27 INFO  Base:197 - Password is:Anil1504
2024-05-21 23:27:29 INFO  Base:227 - Welcome to our store
2024-05-21 23:27:30 INFO  Base:142 - Page title:nopCommerce demo store. Digital downloads
2024-05-21 23:27:30 INFO  Base:356 - Page heading is:Digital downloads
2024-05-21 23:27:34 INFO  Base:383 - Heading of the product:If You Wait (donation)
2024-05-21 23:27:51 INFO  Base:38 - URL:https://demo.nopcommerce.com/
2024-05-21 23:27:51 INFO  Base:142 - Page title:nopCommerce demo store
2024-05-21 23:27:52 INFO  Base:142 - Page title:nopCommerce demo store. Login
2024-05-21 23:27:52 INFO  Base:186 - Login page heading is:Welcome, Please Sign In!
2024-05-21 23:27:52 INFO  Base:195 - Email is:aniluttarakabat@gmail.com
2024-05-21 23:27:52 INFO  Base:197 - Password is:Anil1504
2024-05-21 23:27:53 INFO  Base:227 - Welcome to our store
2024-05-21 23:27:54 INFO  Base:142 - Page title:nopCommerce demo store. Digital downloads
2024-05-21 23:27:54 INFO  Base:356 - Page heading is:Digital downloads
2024-05-21 23:27:58 INFO  Base:383 - Heading of the product:Night Visions
2024-05-21 23:27:59 INFO  Base:416 - Message:The product has been added to your shopping cart
2024-05-21 23:28:02 INFO  Base:38 - URL:https://demo.nopcommerce.com/
2024-05-21 23:28:02 INFO  Base:142 - Page title:nopCommerce demo store
2024-05-21 23:28:03 INFO  Base:142 - Page title:nopCommerce demo store. Login
2024-05-21 23:28:03 INFO  Base:186 - Login page heading is:Welcome, Please Sign In!
2024-05-21 23:28:04 INFO  Base:195 - Email is:aniluttarakabat@gmail.com
2024-05-21 23:28:04 INFO  Base:197 - Password is:Anil1504
2024-05-21 23:28:05 INFO  Base:227 - Welcome to our store
2024-05-21 23:28:06 INFO  Base:142 - Page title:nopCommerce demo store. Digital downloads
2024-05-21 23:28:06 INFO  Base:356 - Page heading is:Digital downloads
2024-05-21 23:28:10 INFO  Base:383 - Heading of the product:Science & Faith
2024-05-21 23:29:42 INFO  Base:38 - URL:https://demo.nopcommerce.com/
2024-05-21 23:29:42 INFO  Base:142 - Page title:nopCommerce demo store
2024-05-21 23:29:43 INFO  Base:142 - Page title:nopCommerce demo store. Login
2024-05-21 23:29:43 INFO  Base:186 - Login page heading is:Welcome, Please Sign In!
2024-05-21 23:29:43 INFO  Base:195 - Email is:aniluttarakabat@gmail.com
2024-05-21 23:29:43 INFO  Base:197 - Password is:Anil1504
2024-05-21 23:29:45 INFO  Base:227 - Welcome to our store
2024-05-21 23:29:45 INFO  Base:142 - Page title:nopCommerce demo store. Digital downloads
2024-05-21 23:29:45 INFO  Base:356 - Page heading is:Digital downloads
2024-05-21 23:29:49 INFO  Base:383 - Heading of the product:If You Wait (donation)
2024-05-21 23:30:07 INFO  Base:38 - URL:https://demo.nopcommerce.com/
2024-05-21 23:30:07 INFO  Base:142 - Page title:nopCommerce demo store
2024-05-21 23:30:07 INFO  Base:142 - Page title:nopCommerce demo store. Login
2024-05-21 23:30:07 INFO  Base:186 - Login page heading is:Welcome, Please Sign In!
2024-05-21 23:30:07 INFO  Base:195 - Email is:aniluttarakabat@gmail.com
2024-05-21 23:30:07 INFO  Base:197 - Password is:Anil1504
2024-05-21 23:30:09 INFO  Base:227 - Welcome to our store
2024-05-21 23:30:09 INFO  Base:142 - Page title:nopCommerce demo store. Digital downloads
2024-05-21 23:30:09 INFO  Base:356 - Page heading is:Digital downloads
2024-05-21 23:30:13 INFO  Base:383 - Heading of the product:Night Visions
2024-05-21 23:30:14 INFO  Base:416 - Message:The product has been added to your shopping cart
2024-05-21 23:30:16 INFO  Base:38 - URL:https://demo.nopcommerce.com/
2024-05-21 23:31:35 INFO  Base:38 - URL:https://demo.nopcommerce.com/
2024-05-21 23:31:36 INFO  Base:142 - Page title:nopCommerce demo store
2024-05-21 23:31:37 INFO  Base:142 - Page title:nopCommerce demo store. Login
2024-05-21 23:31:37 INFO  Base:186 - Login page heading is:Welcome, Please Sign In!
2024-05-21 23:31:37 INFO  Base:195 - Email is:aniluttarakabat@gmail.com
2024-05-21 23:31:37 INFO  Base:197 - Password is:Anil1504
2024-05-21 23:31:39 INFO  Base:227 - Welcome to our store
2024-05-21 23:31:40 INFO  Base:142 - Page title:nopCommerce demo store. Digital downloads
2024-05-21 23:31:40 INFO  Base:356 - Page heading is:Digital downloads
2024-05-21 23:31:44 INFO  Base:383 - Heading of the product:If You Wait (donation)
2024-05-21 23:32:13 INFO  Base:38 - URL:https://demo.nopcommerce.com/
2024-05-21 23:32:13 INFO  Base:142 - Page title:nopCommerce demo store
2024-05-21 23:32:14 INFO  Base:142 - Page title:nopCommerce demo store. Login
2024-05-21 23:32:14 INFO  Base:186 - Login page heading is:Welcome, Please Sign In!
2024-05-21 23:32:14 INFO  Base:195 - Email is:aniluttarakabat@gmail.com
2024-05-21 23:32:14 INFO  Base:197 - Password is:Anil1504
2024-05-21 23:32:15 INFO  Base:227 - Welcome to our store
2024-05-21 23:32:16 INFO  Base:142 - Page title:nopCommerce demo store. Digital downloads
2024-05-21 23:32:16 INFO  Base:356 - Page heading is:Digital downloads
2024-05-21 23:32:20 INFO  Base:383 - Heading of the product:Night Visions
2024-05-21 23:32:33 INFO  Base:38 - URL:https://demo.nopcommerce.com/
2024-05-21 23:32:33 INFO  Base:142 - Page title:nopCommerce demo store
2024-05-21 23:32:34 INFO  Base:142 - Page title:nopCommerce demo store. Login
2024-05-21 23:32:34 INFO  Base:186 - Login page heading is:Welcome, Please Sign In!
2024-05-21 23:32:34 INFO  Base:195 - Email is:aniluttarakabat@gmail.com
2024-05-21 23:32:34 INFO  Base:197 - Password is:Anil1504
2024-05-21 23:32:36 INFO  Base:227 - Welcome to our store
2024-05-21 23:32:37 INFO  Base:142 - Page title:nopCommerce demo store. Digital downloads
2024-05-21 23:32:37 INFO  Base:356 - Page heading is:Digital downloads
2024-05-21 23:32:41 INFO  Base:383 - Heading of the product:Science & Faith
